<?xml version="1.0" encoding="UTF-8"?>
<testsuite name="Desafio_capgemini.AppTest" tests="1" skipped="0" failures="0" errors="0" timestamp="2022-02-20T16:24:00" hostname="lti-note" time="0.001">
  <properties/>
  <testcase name="appHasAGreeting()" classname="Desafio_capgemini.AppTest" time="0.001"/>
  <system-out><![CDATA[]]></system-out>
  <system-err><![CDATA[]]></system-err>
</testsuite>
