<?xml version="1.0" encoding="UTF-8"?>
<testsuite name="Desafio_capgemini.Q1Test" tests="2" skipped="0" failures="0" errors="0" timestamp="2022-02-20T16:24:00" hostname="lti-note" time="0.031">
  <properties/>
  <testcase name="test02_GerarEscada()" classname="Desafio_capgemini.Q1Test" time="0.002"/>
  <testcase name="test01_GerarEscada()" classname="Desafio_capgemini.Q1Test" time="0.028"/>
  <system-out><![CDATA[]]></system-out>
  <system-err><![CDATA[]]></system-err>
</testsuite>
